[debug] [2023-06-06T12:38:00.153Z] ----------------------------------------------------------------------
[debug] [2023-06-06T12:38:00.158Z] Command:       C:\Program Files\nodejs\node.exe C:\Users\Rahul Pandey\AppData\Roaming\npm\node_modules\firebase-tools\lib\bin\firebase.js init
[debug] [2023-06-06T12:38:00.159Z] CLI Version:   11.25.2
[debug] [2023-06-06T12:38:00.160Z] Platform:      win32
[debug] [2023-06-06T12:38:00.160Z] Node Version:  v18.13.0
[debug] [2023-06-06T12:38:00.165Z] Time:          Tue Jun 06 2023 18:08:00 GMT+0530 (India Standard Time)
[debug] [2023-06-06T12:38:00.166Z] ----------------------------------------------------------------------
[debug] 
[debug] [2023-06-06T12:38:00.365Z] > command requires scopes: ["email","openid","https://www.googleapis.com/auth/cloudplatformprojects.readonly","https://www.googleapis.com/auth/firebase","https://www.googleapis.com/auth/cloud-platform"]
[debug] [2023-06-06T12:38:00.365Z] > authorizing via signed-in user (mishran.2003@gmail.com)
[info] 
     ######## #### ########  ######## ########     ###     ######  ########
     ##        ##  ##     ## ##       ##     ##  ##   ##  ##       ##
     ######    ##  ########  ######   ########  #########  ######  ######
     ##        ##  ##    ##  ##       ##     ## ##     ##       ## ##
     ##       #### ##     ## ######## ########  ##     ##  ######  ########

You're about to initialize a Firebase project in this directory:

  C:\coding.c\Frontend React\newsapp

Before we get started, keep in mind:

  * You are currently outside your home directory
  * You are initializing within an existing Firebase project directory

[info] 
=== Project Setup
[info] 
[info] First, let's associate this project directory with a Firebase project.
[info] You can create multiple project aliases by running firebase use --add, 
[info] but for now we'll just set up a default project.
[info] 
[debug] [2023-06-06T12:38:09.306Z] Using project from CLI flag: news-app-9c84c
[debug] [2023-06-06T12:38:09.314Z] >>> [apiv2][query] GET https://firebase.googleapis.com/v1beta1/projects/news-app-9c84c [none]
[debug] [2023-06-06T12:38:09.995Z] <<< [apiv2][status] GET https://firebase.googleapis.com/v1beta1/projects/news-app-9c84c 403
[debug] [2023-06-06T12:38:09.995Z] <<< [apiv2][body] GET https://firebase.googleapis.com/v1beta1/projects/news-app-9c84c {"error":{"code":403,"message":"The caller does not have permission","status":"PERMISSION_DENIED"}}
[debug] [2023-06-06T12:38:09.995Z] HTTP Error: 403, The caller does not have permission
[debug] [2023-06-06T12:38:10.167Z] FirebaseError: HTTP Error: 403, The caller does not have permission
    at responseToError (C:\Users\Rahul Pandey\AppData\Roaming\npm\node_modules\firebase-tools\lib\responseToError.js:49:12)
    at RetryOperation._fn (C:\Users\Rahul Pandey\AppData\Roaming\npm\node_modules\firebase-tools\lib\apiv2.js:288:77)
    at process.processTicksAndRejections (node:internal/process/task_queues:95:5)
[error] 
[error] Error: Failed to get Firebase project news-app-9c84c. Please make sure the project exists and your account has permission to access it.
[debug] [2023-06-06T12:39:03.356Z] ----------------------------------------------------------------------
[debug] [2023-06-06T12:39:03.356Z] Command:       C:\Program Files\nodejs\node.exe C:\Users\Rahul Pandey\AppData\Roaming\npm\node_modules\firebase-tools\lib\bin\firebase.js init
[debug] [2023-06-06T12:39:03.356Z] CLI Version:   11.25.2
[debug] [2023-06-06T12:39:03.356Z] Platform:      win32
[debug] [2023-06-06T12:39:03.356Z] Node Version:  v18.13.0
[debug] [2023-06-06T12:39:03.372Z] Time:          Tue Jun 06 2023 18:09:03 GMT+0530 (India Standard Time)
[debug] [2023-06-06T12:39:03.372Z] ----------------------------------------------------------------------
[debug] 
[debug] [2023-06-06T12:39:03.533Z] > command requires scopes: ["email","openid","https://www.googleapis.com/auth/cloudplatformprojects.readonly","https://www.googleapis.com/auth/firebase","https://www.googleapis.com/auth/cloud-platform"]
[debug] [2023-06-06T12:39:03.533Z] > authorizing via signed-in user (mishran.2003@gmail.com)
[info] 
     ######## #### ########  ######## ########     ###     ######  ########
     ##        ##  ##     ## ##       ##     ##  ##   ##  ##       ##
     ######    ##  ########  ######   ########  #########  ######  ######
     ##        ##  ##    ##  ##       ##     ## ##     ##       ## ##
     ##       #### ##     ## ######## ########  ##     ##  ######  ########

You're about to initialize a Firebase project in this directory:

  C:\coding.c\Frontend React\newsapp

Before we get started, keep in mind:

  * You are currently outside your home directory
  * You are initializing within an existing Firebase project directory

[info] 
=== Project Setup
[info] 
[info] First, let's associate this project directory with a Firebase project.
[info] You can create multiple project aliases by running firebase use --add, 
[info] but for now we'll just set up a default project.
[info] 
[debug] [2023-06-06T12:39:14.921Z] Using project from CLI flag: news-app-9c84c
[debug] [2023-06-06T12:39:14.992Z] >>> [apiv2][query] GET https://firebase.googleapis.com/v1beta1/projects/news-app-9c84c [none]
[debug] [2023-06-06T12:39:16.000Z] <<< [apiv2][status] GET https://firebase.googleapis.com/v1beta1/projects/news-app-9c84c 403
[debug] [2023-06-06T12:39:16.000Z] <<< [apiv2][body] GET https://firebase.googleapis.com/v1beta1/projects/news-app-9c84c {"error":{"code":403,"message":"The caller does not have permission","status":"PERMISSION_DENIED"}}
[debug] [2023-06-06T12:39:16.001Z] HTTP Error: 403, The caller does not have permission
[debug] [2023-06-06T12:39:16.172Z] FirebaseError: HTTP Error: 403, The caller does not have permission
    at responseToError (C:\Users\Rahul Pandey\AppData\Roaming\npm\node_modules\firebase-tools\lib\responseToError.js:49:12)
    at RetryOperation._fn (C:\Users\Rahul Pandey\AppData\Roaming\npm\node_modules\firebase-tools\lib\apiv2.js:288:77)
    at process.processTicksAndRejections (node:internal/process/task_queues:95:5)
[error] 
[error] Error: Failed to get Firebase project news-app-9c84c. Please make sure the project exists and your account has permission to access it.
[debug] [2023-06-06T12:41:03.751Z] ----------------------------------------------------------------------
[debug] [2023-06-06T12:41:03.766Z] Command:       C:\Program Files\nodejs\node.exe C:\Users\Rahul Pandey\AppData\Roaming\npm\node_modules\firebase-tools\lib\bin\firebase.js init
[debug] [2023-06-06T12:41:03.766Z] CLI Version:   11.25.2
[debug] [2023-06-06T12:41:03.766Z] Platform:      win32
[debug] [2023-06-06T12:41:03.766Z] Node Version:  v18.13.0
[debug] [2023-06-06T12:41:03.782Z] Time:          Tue Jun 06 2023 18:11:03 GMT+0530 (India Standard Time)
[debug] [2023-06-06T12:41:03.782Z] ----------------------------------------------------------------------
[debug] 
[debug] [2023-06-06T12:41:03.938Z] > command requires scopes: ["email","openid","https://www.googleapis.com/auth/cloudplatformprojects.readonly","https://www.googleapis.com/auth/firebase","https://www.googleapis.com/auth/cloud-platform"]
[debug] [2023-06-06T12:41:03.954Z] > authorizing via signed-in user (mishran.2003@gmail.com)
[info] 
     ######## #### ########  ######## ########     ###     ######  ########
     ##        ##  ##     ## ##       ##     ##  ##   ##  ##       ##
     ######    ##  ########  ######   ########  #########  ######  ######
     ##        ##  ##    ##  ##       ##     ## ##     ##       ## ##
     ##       #### ##     ## ######## ########  ##     ##  ######  ########

You're about to initialize a Firebase project in this directory:

  C:\coding.c\Frontend React\newsapp

Before we get started, keep in mind:

  * You are currently outside your home directory
  * You are initializing within an existing Firebase project directory

[info] 
=== Project Setup
[info] 
[info] First, let's associate this project directory with a Firebase project.
[info] You can create multiple project aliases by running firebase use --add, 
[info] but for now we'll just set up a default project.
[info] 
[debug] [2023-06-06T12:41:09.946Z] Using project from CLI flag: news-app-9c84c
[debug] [2023-06-06T12:41:10.028Z] >>> [apiv2][query] GET https://firebase.googleapis.com/v1beta1/projects/news-app-9c84c [none]
[debug] [2023-06-06T12:41:10.809Z] <<< [apiv2][status] GET https://firebase.googleapis.com/v1beta1/projects/news-app-9c84c 403
[debug] [2023-06-06T12:41:10.809Z] <<< [apiv2][body] GET https://firebase.googleapis.com/v1beta1/projects/news-app-9c84c {"error":{"code":403,"message":"The caller does not have permission","status":"PERMISSION_DENIED"}}
[debug] [2023-06-06T12:41:10.809Z] HTTP Error: 403, The caller does not have permission
[debug] [2023-06-06T12:41:10.999Z] FirebaseError: HTTP Error: 403, The caller does not have permission
    at responseToError (C:\Users\Rahul Pandey\AppData\Roaming\npm\node_modules\firebase-tools\lib\responseToError.js:49:12)
    at RetryOperation._fn (C:\Users\Rahul Pandey\AppData\Roaming\npm\node_modules\firebase-tools\lib\apiv2.js:288:77)
    at process.processTicksAndRejections (node:internal/process/task_queues:95:5)
[error] 
[error] Error: Failed to get Firebase project news-app-9c84c. Please make sure the project exists and your account has permission to access it.
